
./gap_sdk
[commit]
8a4d8c99f41a65eabf1c8215c9fc30e45c4d665c

On branch master
Your branch is up-to-date with 'origin/master'.
Untracked files:
  (use "git add <file>..." to include in what will be committed)

	GAPuino_BSP/
	Jambo/
	applications/
	gapuino_tests/
	tools/autotiler/CNN_HwCE.c

nothing added to commit but untracked files present (use "git add" to track)


./gap_sdk/mbed-os
[commit]
2b8eead9baf660b0f4b620b3c2c99ad8b5e1c7ac

On branch master
Your branch is up-to-date with 'origin/master'.
nothing to commit, working directory clean


./gap_sdk/freeRTOS
[commit]
13de2dbe2fac04fdbde54edda4ea30d1ddccbbaa

On branch master
Your branch is up-to-date with 'origin/master'.
nothing to commit, working directory clean


./gap_sdk/pulp-os
[commit]
04bc9184f8335df70f6bb9ef14673a037b1ac49a

On branch master
Your branch is up-to-date with 'origin/master'.
nothing to commit, working directory clean


./gap_sdk/examples
[commit]
0da024272eb52131fe066811da66fd7c0d1953fe

On branch master
Your branch is up-to-date with 'origin/master'.
nothing to commit, working directory clean


./gap_sdk/examples/mbed-examples
[commit]
1ba94aaca2779c53119a59242ffc57582bbe1bfe

On branch master
Your branch is up-to-date with 'origin/master'.
nothing to commit, working directory clean


./gap_sdk/examples/freeRTOS-examples
[commit]
29a333018c2987eae2d500d6d0a382037225de0f

On branch master
Your branch is up-to-date with 'origin/master'.
nothing to commit, working directory clean


./gap_sdk/examples/pulp-examples
[commit]
0da024272eb52131fe066811da66fd7c0d1953fe

On branch master
Your branch is up-to-date with 'origin/master'.
nothing to commit, working directory clean


./gap_sdk/tf2gap8
[commit]
893c3a428445e66be3393735194cc1b1cf764589

On branch master
Your branch is up-to-date with 'origin/master'.
nothing to commit, working directory clean


./gap_sdk/tools/gap_flasher
[commit]
21d0dd4198bdac6c42033c383172e16af880d598

On branch master
Your branch is up-to-date with 'origin/master'.
nothing to commit, working directory clean


./gap_sdk/tools/pulp-debug-bridge/
[commit]
605e7034a2b1bc4d951f9946441d323a3766732f

On branch master
Your branch is up-to-date with 'origin/master'.
nothing to commit, working directory clean


